<?xml version="1.0" encoding="UTF-8"?>
<!-- Generated by org.testng.reporters.JUnitReportReporter -->
<testsuite hostname="DESKTOP-34UUCH5" failures="0" tests="1" name="variousConcepts.CrmTest" time="16.023" errors="0" timestamp="2024-06-06T11:14:12 PDT" skipped="0">
  <testcase classname="variousConcepts.CrmTest" name="testAddCustomer" time="16.023"/>
  <system-out/>
</testsuite> <!-- variousConcepts.CrmTest -->
