<?xml version="1.0" encoding="UTF-8"?>
<!-- Generated by org.testng.reporters.JUnitReportReporter -->
<testsuite hostname="DESKTOP-34UUCH5" failures="0" tests="1" name="variousConcepts.CrmTest" time="13.492" errors="0" timestamp="22 May 2024 06:40:08 GMT" skipped="0">
  <testcase classname="variousConcepts.CrmTest" name="testLogin" time="13.492"/>
</testsuite> <!-- variousConcepts.CrmTest -->
